{"level":"error","message":"er is not defined"}
{"level":"error","message":"res is not defined"}
{"level":"error","message":"res is not defined"}
{"level":"error","message":"res is not defined /add-client"}
{"level":"error","message":"res is not defined /add-client"}
{"level":"error","message":"res is not defined /add-client"}
{"level":"error","message":"res is not defined [object Object]"}
{"level":"error","message":"TypeError: companies.create is not a function /add-client"}
{"level":"error","message":"TypeError: companies is not a constructor /add-client"}
{"level":"error","message":"TypeError: Cannot read property 'UUID' of undefined /add-client"}
{"level":"error","message":"TypeError: Cannot read property 'UUID' of undefined /add-client"}
{"level":"error","message":"TypeError: Cannot read property 'UUID' of undefined /add-client"}
{"level":"error","message":"TypeError: Cannot read property 'UUID' of undefined /add-client"}
{"level":"error","message":"TypeError: Cannot read property 'UUID' of undefined /add-client"}
{"level":"error","message":"TypeError: Cannot read property 'UUID' of undefined /add-client"}
{"level":"error","message":"TypeError: Cannot read property 'UUID' of undefined /add-client"}
{"level":"error","message":"TypeError: Cannot read property 'UUID' of undefined /add-client"}
{"level":"error","message":"TypeError: Cannot read property 'UUID' of undefined /add-client"}
{"level":"error","message":"TypeError: Cannot read property 'UUID' of undefined /add-client"}
{"level":"error","message":"TypeError: Cannot read property 'UUID' of undefined /add-client"}
{"level":"error","message":"TypeError: Cannot read property 'UUID' of undefined /add-client"}
{"level":"error","message":"TypeError: Cannot read property 'UUID' of undefined /add-client"}
{"level":"error","message":"TypeError: Cannot read property 'STRING' of undefined /add-client"}
{"level":"error","message":"TypeError: Cannot read property 'STRING' of undefined /add-client"}
{"level":"error","message":"TypeError: Cannot read property 'STRING' of undefined /add-client"}
{"level":"error","message":"Error: Support for `{where: 'raw query'}` has been removed. /add-client"}
{"level":"error","message":"SequelizeAccessDeniedError: Access denied for user ''@'localhost' (using password: NO) /add-client"}
{"level":"error","message":"SequelizeDatabaseError: Field 'id' doesn't have a default value /add-client"}
{"level":"error","message":"SequelizeUniqueConstraintError: Validation error /add-client"}
{"level":"error","message":"SequelizeUniqueConstraintError: Validation error /add-client"}
{"level":"error","message":"ReferenceError: Cannot access 'companies' before initialization /get-clients"}
{"level":"error","message":"ReferenceError: Cannot access 'companies' before initialization /get-clients"}
{"level":"error","message":"ReferenceError: Cannot access 'companies' before initialization /get-clients"}
{"level":"error","message":"ReferenceError: Cannot access 'companies' before initialization /get-clients"}
{"level":"error","message":"ReferenceError: Cannot access 'companies' before initialization /get-clients"}
{"level":"error","message":"TypeError: companies.findAll(...).toJSON is not a function /get-clients"}
{"level":"error","message":"TypeError: companiesList.toJSON is not a function /get-clients"}
{"level":"error","message":"SequelizeDatabaseError: Unknown column 'voivodeship_id' in 'field list' /get-clients"}
{"level":"error","message":"SequelizeDatabaseError: Unknown column 'companies.city' in 'field list' /get-clients"}
{"level":"error","message":"SequelizeEagerLoadingError: cities is not associated to companies! /get-clients"}
{"level":"error","message":"SequelizeEagerLoadingError: cities is not associated to companies! /get-clients"}
{"level":"error","message":"SequelizeEagerLoadingError: countries is not associated to companies! /get-clients"}
{"level":"error","message":"SequelizeUniqueConstraintError: Validation error /add-client"}
{"level":"error","message":"SequelizeDatabaseError: Field 'name' doesn't have a default value /add-client"}
{"level":"error","message":"SequelizeDatabaseError: Field 'name' doesn't have a default value /add-client"}
{"level":"error","message":"SequelizeUniqueConstraintError: Validation error /add-client"}
{"level":"error","message":"SequelizeUniqueConstraintError: Validation error /add-client"}
{"level":"error","message":"TypeError: companies.create(...).toJSON is not a function /add-client"}
{"level":"error","message":"SequelizeUniqueConstraintError: Validation error /add-client"}
{"level":"error","message":"SequelizeEagerLoadingError: countries is not associated to companies! /get-clients"}
{"level":"error","message":"SequelizeUniqueConstraintError: Validation error /add-client"}
{"level":"error","message":"SequelizeAssociationError: You have used the alias miasta in two separate associations. Aliased associations must have unique aliases. /add-client"}
{"level":"error","message":"SequelizeUniqueConstraintError: Validation error /add-client"}
{"level":"error","message":"SequelizeAssociationError: You have used the alias miasta in two separate associations. Aliased associations must have unique aliases. /add-client"}
{"level":"error","message":"SequelizeAssociationError: You have used the alias miasta in two separate associations. Aliased associations must have unique aliases. /add-client"}
{"level":"error","message":"SequelizeAssociationError: You have used the alias miasta in two separate associations. Aliased associations must have unique aliases. /add-client"}
{"level":"error","message":"TypeError: Cannot read property 'name' of undefined /add-client"}
{"level":"error","message":"SequelizeDatabaseError: Unknown column 'companies.voivodeship_id' in 'on clause' /get-clients"}
{"level":"error","message":"SequelizeUniqueConstraintError: Validation error /add-client"}
{"level":"error","message":"SequelizeUniqueConstraintError: Validation error /add-client"}
{"level":"error","message":"SequelizeUniqueConstraintError: Validation error /add-client"}
{"level":"error","message":"SequelizeUniqueConstraintError: Validation error /add-client"}
{"level":"error","message":"SequelizeUniqueConstraintError: Validation error /add-client"}
{"level":"error","message":"startedTransaction is not defined /add-client"}
{"level":"error","message":"startedTransaction is not defined /add-client"}
{"level":"error","message":"startedTransaction is not defined /add-client"}
{"level":"error","message":"startedTransaction is not defined /add-client"}
{"level":"error","message":"startedTransaction is not defined /add-client"}
{"level":"error","message":"startedTransaction is not defined /add-client"}
{"level":"error","message":"startedTransaction is not defined /add-client"}
{"level":"error","message":"SequelizeDatabaseError: Unknown column 'companies.voivodeship_id' in 'on clause' /get-clients"}
{"level":"error","message":"SequelizeDatabaseError: Unknown column 'companies.voivodeship_id' in 'on clause' /get-clients"}
{"level":"error","message":"SequelizeEagerLoadingError: voivodeships is associated to companies using an alias. You must use the 'as' keyword to specify the alias within your include statement. /get-clients"}
{"level":"error","message":"SequelizeEagerLoadingError: voivodeships is associated to companies using an alias. You must use the 'as' keyword to specify the alias within your include statement. /get-clients"}
{"level":"error","message":"transaction is not defined /add-client"}
{"level":"error","message":"transaction is not defined /add-client"}
{"level":"error","message":"transaction is not defined /add-client"}
{"level":"error","message":"t is not defined /add-client"}
{"level":"error","message":"t is not defined /add-client"}
{"level":"error","message":"t is not defined /add-client"}
{"level":"error","message":"t is not defined /add-client"}
{"level":"error","message":"t is not defined /add-client"}
{"level":"error","message":"Error: brak danych /add-client"}
{"level":"error","message":"Error: brak danych /add-client"}
{"level":"error","message":"Error: brak danych /add-client"}
{"level":"error","message":"Error: brak danych /add-client"}
{"level":"error","message":"Error: brak danych /add-client"}
{"level":"error","message":"t is not defined /add-client"}
{"level":"error","message":"SequelizeDatabaseError: Unknown column 'voivodeship_id' in 'field list' /add-client"}
{"level":"error","message":"Error: Error: WHERE parameter \"name\" has invalid \"undefined\" value /add-client"}
{"level":"error","message":"Error: Error: country string not exist in database /add-client"}
{"level":"error","message":"Error: Error: city string not exist in database /add-client"}
{"level":"error","message":"Error: Error: city 'string' not exist in database /add-client"}
{"level":"error","message":"Error: Error: city 'Warszawa' not exist in database /add-client"}
{"level":"error","message":"Error: ReferenceError: country is not defined /add-client"}
{"level":"error","message":"Error: Error: voivodeship 'string' not exist in database /add-client"}
{"level":"error","message":"Error: Error: country 'Posla' not exist in database /add-client"}
{"level":"error","message":"Error: Error: WHERE parameter \"name\" has invalid \"undefined\" value /add-client"}
{"level":"error","message":"Error: Error: business profile 'null' not exist in database /add-client"}
{"level":"error","message":"Cannot read property 'send' of undefined /add-client"}
{"level":"error","message":"Error: Error: business profile 'dupa' not exist in database /add-client"}
{"level":"error","message":"Error: Error: business profile 'dupa' not exist in database /add-client"}
{"level":"error","message":"Error: Error: business profile 'dupa' not exist in database /add-client"}
{"level":"error","message":"Error: Error: business profile 'dupa' not exist in database /add-client"}
{"level":"error","message":"Error: Error: business profile 'dupa' not exist in database /add-client"}
{"level":"error","message":"Error: Error: business profile 'dupa' not exist in database /add-client"}
{"level":"error","message":"Error: Error: business profile 'dupa' not exist in database /add-client"}
{"level":"error","message":"Error: Error: business profile 'dupa' not exist in database /add-client"}
{"level":"error","message":"clientsService.createCompany is not a function /add-client"}
{"level":"error","message":"clientsService.createCompany is not a function /add-client"}
{"level":"error","message":"clientsService.createCompany is not a function /add-client"}
{"level":"error","message":"clientsService.createCompany is not a function /add-client"}
{"level":"error","message":"clientsService.createCompany is not a function /add-client"}
{"level":"error","message":"clientsService.createCompany is not a function /add-client"}
{"level":"error","message":"clientsService.createCompany is not a function /add-client"}
{"level":"error","message":"clientsService.createCompany is not a function /add-client"}
{"level":"error","message":"clientsService.createCompany is not a function /add-client"}
{"level":"error","message":"Error: Error: Error: country 'string' not exist in database /add-client"}
{"level":"error","message":"Error: Error: Error: country 'string' not exist in database /add-client"}
{"level":"error","message":"Error: Error: business profile 'Hurtowanie' not exist in database /add-client"}
{"level":"error","message":"Error: Error: business profile 'Dupa' not exist in database /add-client"}
{"level":"error","message":"Error: Error: Error: aluminium profile 'null' not exist in database /add-client"}
{"level":"error","message":"Error: Error: Error: pcv profile'null' not exist in database /add-client"}
{"level":"error","message":"Error: Error: Error: aluminium profile 'null' not exist in database /add-client"}
{"level":"error","message":"SequelizeUniqueConstraintError: Validation error /add-client"}
{"level":"error","message":"SequelizeDatabaseError: Unknown column 'voivodeship_id' in 'field list' /add-client"}
{"level":"error","message":"SequelizeUniqueConstraintError: Validation error /add-client"}
{"level":"error","message":"SequelizeUniqueConstraintError: Validation error /add-client"}
{"level":"error","message":"SequelizeUniqueConstraintError: Validation error /add-client"}
{"level":"error","message":"companies.belongsTo called with something that's not a subclass of Sequelize.Model /add-client"}
{"level":"error","message":"cities is not defined /add-client"}
{"level":"error","message":"SequelizeUniqueConstraintError: Validation error /add-client"}
{"level":"error","message":"SequelizeUniqueConstraintError: Validation error /add-client"}
{"level":"error","message":"SequelizeDatabaseError: Field 'name' doesn't have a default value /add-client"}
{"level":"error","message":"SequelizeUniqueConstraintError: Validation error /add-client"}
{"level":"error","message":"SequelizeEagerLoadingError: companies_business_profiles is not associated to companies! /get-clients"}
{"level":"error","message":"TypeError: Cannot read property 'business_profiles' of undefined /get-clients"}
{"level":"error","message":"TypeError: Cannot read property 'business_profiles' of undefined /get-clients"}
{"level":"error","message":"TypeError: Cannot read property 'business_profiles' of undefined /get-clients"}
{"level":"error","message":"SequelizeAssociationError: You have used the alias voivodesships in two separate associations. Aliased associations must have unique aliases. /get-clients"}
{"level":"error","message":"TypeError: Cannot read property 'business_profiles' of undefined /get-clients"}
{"level":"error","message":"TypeError: Cannot read property 'length' of null /get-clients"}
{"level":"error","message":"Error: Support for literal replacements in the `where` object has been removed. /get-clients"}
{"level":"error","message":"Error: Support for literal replacements in the `where` object has been removed. /get-clients"}
{"level":"error","message":"ReferenceError: businessProfilesIDs is not defined /get-clients"}
{"level":"error","message":"ReferenceError: businessProfilesIDs is not defined /get-clients"}
{"level":"error","message":"Error: Error: Error: pcv profile'null' not exist in database /add-client"}
{"level":"error","message":"Error: Error: Error: pcv profile' Siegeia' not exist in database /add-client"}
{"level":"error","message":"SequelizeDatabaseError: Incorrect integer value: '-' for column 'voivodesship_id' at row 1 /add-client"}
{"level":"error","message":"ReferenceError: Cannot access 'countries' before initialization /get-clients"}
